<?xml version="1.0" encoding="UTF-8"?>
<!-- Generated by org.testng.reporters.JUnitReportReporter -->
<testsuite skipped="0" hostname="Avins-MBP.fios-router.home" name="cross.CrossBrowser" tests="1" failures="0" timestamp="13 Jun 2018 02:50:53 GMT" time="6.327" errors="0">
  <testcase name="TestPopUp" time="6.327" classname="cross.CrossBrowser"/>
</testsuite> <!-- cross.CrossBrowser -->
